{"/home/driver/Desktop/Hexlet/frontend-project-lvl2/src/index.js": {"path":"/home/driver/Desktop/Hexlet/frontend-project-lvl2/src/index.js","statementMap":{"0":{"start":{"line":4,"column":20},"end":{"line":51,"column":1}},"1":{"start":{"line":5,"column":20},"end":{"line":5,"column":51}},"2":{"start":{"line":6,"column":18},"end":{"line":6,"column":47}},"3":{"start":{"line":8,"column":2},"end":{"line":50,"column":9}},"4":{"start":{"line":9,"column":15},"end":{"line":15,"column":5}},"5":{"start":{"line":17,"column":4},"end":{"line":22,"column":5}},"6":{"start":{"line":18,"column":6},"end":{"line":21,"column":9}},"7":{"start":{"line":24,"column":4},"end":{"line":30,"column":5}},"8":{"start":{"line":25,"column":6},"end":{"line":29,"column":9}},"9":{"start":{"line":32,"column":4},"end":{"line":38,"column":5}},"10":{"start":{"line":33,"column":6},"end":{"line":37,"column":9}},"11":{"start":{"line":40,"column":4},"end":{"line":47,"column":5}},"12":{"start":{"line":41,"column":6},"end":{"line":46,"column":9}},"13":{"start":{"line":49,"column":4},"end":{"line":49,"column":55}},"14":{"start":{"line":54,"column":14},"end":{"line":54,"column":48}},"15":{"start":{"line":55,"column":2},"end":{"line":55,"column":29}}},"fnMap":{"0":{"name":"(anonymous_0)","decl":{"start":{"line":4,"column":20},"end":{"line":4,"column":21}},"loc":{"start":{"line":4,"column":47},"end":{"line":51,"column":1}},"line":4},"1":{"name":"(anonymous_1)","decl":{"start":{"line":8,"column":24},"end":{"line":8,"column":25}},"loc":{"start":{"line":8,"column":38},"end":{"line":50,"column":3}},"line":8},"2":{"name":"(anonymous_2)","decl":{"start":{"line":53,"column":15},"end":{"line":53,"column":16}},"loc":{"start":{"line":53,"column":50},"end":{"line":56,"column":1}},"line":53}},"branchMap":{"0":{"loc":{"start":{"line":17,"column":4},"end":{"line":22,"column":5}},"type":"if","locations":[{"start":{"line":17,"column":4},"end":{"line":22,"column":5}},{"start":{"line":17,"column":4},"end":{"line":22,"column":5}}],"line":17},"1":{"loc":{"start":{"line":17,"column":8},"end":{"line":17,"column":77}},"type":"binary-expr","locations":[{"start":{"line":17,"column":8},"end":{"line":17,"column":41}},{"start":{"line":17,"column":45},"end":{"line":17,"column":77}}],"line":17},"2":{"loc":{"start":{"line":24,"column":4},"end":{"line":30,"column":5}},"type":"if","locations":[{"start":{"line":24,"column":4},"end":{"line":30,"column":5}},{"start":{"line":24,"column":4},"end":{"line":30,"column":5}}],"line":24},"3":{"loc":{"start":{"line":24,"column":8},"end":{"line":24,"column":56}},"type":"binary-expr","locations":[{"start":{"line":24,"column":8},"end":{"line":24,"column":30}},{"start":{"line":24,"column":34},"end":{"line":24,"column":56}}],"line":24},"4":{"loc":{"start":{"line":32,"column":4},"end":{"line":38,"column":5}},"type":"if","locations":[{"start":{"line":32,"column":4},"end":{"line":38,"column":5}},{"start":{"line":32,"column":4},"end":{"line":38,"column":5}}],"line":32},"5":{"loc":{"start":{"line":32,"column":8},"end":{"line":32,"column":56}},"type":"binary-expr","locations":[{"start":{"line":32,"column":8},"end":{"line":32,"column":31}},{"start":{"line":32,"column":35},"end":{"line":32,"column":56}}],"line":32},"6":{"loc":{"start":{"line":40,"column":4},"end":{"line":47,"column":5}},"type":"if","locations":[{"start":{"line":40,"column":4},"end":{"line":47,"column":5}},{"start":{"line":40,"column":4},"end":{"line":47,"column":5}}],"line":40},"7":{"loc":{"start":{"line":40,"column":8},"end":{"line":40,"column":95}},"type":"binary-expr","locations":[{"start":{"line":40,"column":8},"end":{"line":40,"column":30}},{"start":{"line":40,"column":34},"end":{"line":40,"column":55}},{"start":{"line":40,"column":60},"end":{"line":40,"column":94}}],"line":40}},"s":{"0":1,"1":36,"2":36,"3":36,"4":144,"5":144,"6":27,"7":117,"8":18,"9":99,"10":45,"11":54,"12":27,"13":27,"14":9,"15":9},"f":{"0":36,"1":144,"2":9},"b":{"0":[27,117],"1":[144,45],"2":[18,99],"3":[117,72],"4":[45,54],"5":[99,45],"6":[27,27],"7":[54,54,54]},"_coverageSchema":"43e27e138ebf9cfc5966b082cf9a028302ed4184","hash":"c4b451a72f514844d0677203c6223e753610a49a"}
,"/home/driver/Desktop/Hexlet/frontend-project-lvl2/src/formatters/index.js": {"path":"/home/driver/Desktop/Hexlet/frontend-project-lvl2/src/formatters/index.js","statementMap":{"0":{"start":{"line":5,"column":22},"end":{"line":9,"column":1}},"1":{"start":{"line":6,"column":18},"end":{"line":6,"column":34}},"2":{"start":{"line":7,"column":19},"end":{"line":7,"column":36}},"3":{"start":{"line":8,"column":18},"end":{"line":8,"column":34}},"4":{"start":{"line":11,"column":33},"end":{"line":11,"column":60}}},"fnMap":{"0":{"name":"(anonymous_0)","decl":{"start":{"line":6,"column":8},"end":{"line":6,"column":9}},"loc":{"start":{"line":6,"column":18},"end":{"line":6,"column":34}},"line":6},"1":{"name":"(anonymous_1)","decl":{"start":{"line":7,"column":9},"end":{"line":7,"column":10}},"loc":{"start":{"line":7,"column":19},"end":{"line":7,"column":36}},"line":7},"2":{"name":"(anonymous_2)","decl":{"start":{"line":8,"column":8},"end":{"line":8,"column":9}},"loc":{"start":{"line":8,"column":18},"end":{"line":8,"column":34}},"line":8},"3":{"name":"(anonymous_3)","decl":{"start":{"line":11,"column":15},"end":{"line":11,"column":16}},"loc":{"start":{"line":11,"column":33},"end":{"line":11,"column":60}},"line":11}},"branchMap":{},"s":{"0":1,"1":3,"2":3,"3":3,"4":9},"f":{"0":3,"1":3,"2":3,"3":9},"b":{},"_coverageSchema":"43e27e138ebf9cfc5966b082cf9a028302ed4184","hash":"f360083714b708becef4bdb56253870a60d0666e"}
,"/home/driver/Desktop/Hexlet/frontend-project-lvl2/src/formatters/json.js": {"path":"/home/driver/Desktop/Hexlet/frontend-project-lvl2/src/formatters/json.js","statementMap":{"0":{"start":{"line":1,"column":25},"end":{"line":1,"column":45}}},"fnMap":{"0":{"name":"(anonymous_0)","decl":{"start":{"line":1,"column":15},"end":{"line":1,"column":16}},"loc":{"start":{"line":1,"column":25},"end":{"line":1,"column":45}},"line":1}},"branchMap":{},"s":{"0":3},"f":{"0":3},"b":{},"_coverageSchema":"43e27e138ebf9cfc5966b082cf9a028302ed4184","hash":"167fe3863959b82652d9118379d24b06e612f063"}
,"/home/driver/Desktop/Hexlet/frontend-project-lvl2/src/formatters/plain.js": {"path":"/home/driver/Desktop/Hexlet/frontend-project-lvl2/src/formatters/plain.js","statementMap":{"0":{"start":{"line":1,"column":17},"end":{"line":1,"column":81}},"1":{"start":{"line":1,"column":29},"end":{"line":1,"column":80}},"2":{"start":{"line":3,"column":22},"end":{"line":3,"column":46}},"3":{"start":{"line":3,"column":32},"end":{"line":3,"column":46}},"4":{"start":{"line":5,"column":22},"end":{"line":12,"column":1}},"5":{"start":{"line":6,"column":38},"end":{"line":6,"column":82}},"6":{"start":{"line":7,"column":30},"end":{"line":7,"column":106}},"7":{"start":{"line":8,"column":24},"end":{"line":8,"column":71}},"8":{"start":{"line":10,"column":4},"end":{"line":10,"column":101}},"9":{"start":{"line":14,"column":20},"end":{"line":17,"column":13}},"10":{"start":{"line":14,"column":41},"end":{"line":17,"column":13}},"11":{"start":{"line":15,"column":15},"end":{"line":15,"column":78}},"12":{"start":{"line":16,"column":18},"end":{"line":16,"column":27}}},"fnMap":{"0":{"name":"(anonymous_0)","decl":{"start":{"line":1,"column":17},"end":{"line":1,"column":18}},"loc":{"start":{"line":1,"column":29},"end":{"line":1,"column":80}},"line":1},"1":{"name":"(anonymous_1)","decl":{"start":{"line":3,"column":22},"end":{"line":3,"column":23}},"loc":{"start":{"line":3,"column":32},"end":{"line":3,"column":46}},"line":3},"2":{"name":"(anonymous_2)","decl":{"start":{"line":6,"column":10},"end":{"line":6,"column":11}},"loc":{"start":{"line":6,"column":38},"end":{"line":6,"column":82}},"line":6},"3":{"name":"(anonymous_3)","decl":{"start":{"line":7,"column":9},"end":{"line":7,"column":10}},"loc":{"start":{"line":7,"column":30},"end":{"line":7,"column":106}},"line":7},"4":{"name":"(anonymous_4)","decl":{"start":{"line":8,"column":11},"end":{"line":8,"column":12}},"loc":{"start":{"line":8,"column":24},"end":{"line":8,"column":71}},"line":8},"5":{"name":"(anonymous_5)","decl":{"start":{"line":9,"column":11},"end":{"line":9,"column":12}},"loc":{"start":{"line":10,"column":4},"end":{"line":10,"column":101}},"line":10},"6":{"name":"(anonymous_6)","decl":{"start":{"line":14,"column":20},"end":{"line":14,"column":21}},"loc":{"start":{"line":14,"column":41},"end":{"line":17,"column":13}},"line":14},"7":{"name":"(anonymous_7)","decl":{"start":{"line":15,"column":7},"end":{"line":15,"column":8}},"loc":{"start":{"line":15,"column":15},"end":{"line":15,"column":78}},"line":15},"8":{"name":"(anonymous_8)","decl":{"start":{"line":16,"column":10},"end":{"line":16,"column":11}},"loc":{"start":{"line":16,"column":18},"end":{"line":16,"column":27}},"line":16}},"branchMap":{"0":{"loc":{"start":{"line":1,"column":29},"end":{"line":1,"column":80}},"type":"cond-expr","locations":[{"start":{"line":1,"column":55},"end":{"line":1,"column":72}},{"start":{"line":1,"column":75},"end":{"line":1,"column":80}}],"line":1},"1":{"loc":{"start":{"line":6,"column":38},"end":{"line":6,"column":82}},"type":"cond-expr","locations":[{"start":{"line":6,"column":60},"end":{"line":6,"column":77}},{"start":{"line":6,"column":80},"end":{"line":6,"column":82}}],"line":6},"2":{"loc":{"start":{"line":14,"column":27},"end":{"line":14,"column":36}},"type":"default-arg","locations":[{"start":{"line":14,"column":34},"end":{"line":14,"column":36}}],"line":14}},"s":{"0":1,"1":33,"2":1,"3":30,"4":1,"5":18,"6":15,"7":6,"8":9,"9":1,"10":12,"11":48,"12":48},"f":{"0":33,"1":30,"2":18,"3":15,"4":6,"5":9,"6":12,"7":48,"8":48},"b":{"0":[12,21],"1":[9,9],"2":[3]},"_coverageSchema":"43e27e138ebf9cfc5966b082cf9a028302ed4184","hash":"b40e92c7c49754bd90587178651f2c1c30047fa4"}
,"/home/driver/Desktop/Hexlet/frontend-project-lvl2/src/formatters/tree.js": {"path":"/home/driver/Desktop/Hexlet/frontend-project-lvl2/src/formatters/tree.js","statementMap":{"0":{"start":{"line":1,"column":17},"end":{"line":1,"column":49}},"1":{"start":{"line":1,"column":32},"end":{"line":1,"column":49}},"2":{"start":{"line":3,"column":18},"end":{"line":9,"column":1}},"3":{"start":{"line":4,"column":2},"end":{"line":7,"column":3}},"4":{"start":{"line":5,"column":4},"end":{"line":6,"column":104}},"5":{"start":{"line":6,"column":29},"end":{"line":6,"column":93}},"6":{"start":{"line":8,"column":2},"end":{"line":8,"column":14}},"7":{"start":{"line":11,"column":22},"end":{"line":21,"column":1}},"8":{"start":{"line":13,"column":18},"end":{"line":15,"column":38}},"9":{"start":{"line":16,"column":4},"end":{"line":16,"column":56}},"10":{"start":{"line":18,"column":24},"end":{"line":18,"column":91}},"11":{"start":{"line":19,"column":26},"end":{"line":19,"column":93}},"12":{"start":{"line":20,"column":26},"end":{"line":20,"column":163}},"13":{"start":{"line":23,"column":19},"end":{"line":25,"column":13}},"14":{"start":{"line":23,"column":40},"end":{"line":25,"column":13}},"15":{"start":{"line":24,"column":15},"end":{"line":24,"column":62}},"16":{"start":{"line":27,"column":25},"end":{"line":27,"column":62}},"17":{"start":{"line":27,"column":35},"end":{"line":27,"column":62}}},"fnMap":{"0":{"name":"(anonymous_0)","decl":{"start":{"line":1,"column":17},"end":{"line":1,"column":18}},"loc":{"start":{"line":1,"column":32},"end":{"line":1,"column":49}},"line":1},"1":{"name":"(anonymous_1)","decl":{"start":{"line":3,"column":18},"end":{"line":3,"column":19}},"loc":{"start":{"line":3,"column":35},"end":{"line":9,"column":1}},"line":3},"2":{"name":"(anonymous_2)","decl":{"start":{"line":6,"column":11},"end":{"line":6,"column":12}},"loc":{"start":{"line":6,"column":29},"end":{"line":6,"column":93}},"line":6},"3":{"name":"(anonymous_3)","decl":{"start":{"line":12,"column":10},"end":{"line":12,"column":11}},"loc":{"start":{"line":12,"column":28},"end":{"line":17,"column":3}},"line":12},"4":{"name":"(anonymous_4)","decl":{"start":{"line":18,"column":9},"end":{"line":18,"column":10}},"loc":{"start":{"line":18,"column":24},"end":{"line":18,"column":91}},"line":18},"5":{"name":"(anonymous_5)","decl":{"start":{"line":19,"column":11},"end":{"line":19,"column":12}},"loc":{"start":{"line":19,"column":26},"end":{"line":19,"column":93}},"line":19},"6":{"name":"(anonymous_6)","decl":{"start":{"line":20,"column":11},"end":{"line":20,"column":12}},"loc":{"start":{"line":20,"column":26},"end":{"line":20,"column":163}},"line":20},"7":{"name":"(anonymous_7)","decl":{"start":{"line":23,"column":19},"end":{"line":23,"column":20}},"loc":{"start":{"line":23,"column":40},"end":{"line":25,"column":13}},"line":23},"8":{"name":"(anonymous_8)","decl":{"start":{"line":24,"column":7},"end":{"line":24,"column":8}},"loc":{"start":{"line":24,"column":15},"end":{"line":24,"column":62}},"line":24},"9":{"name":"(anonymous_9)","decl":{"start":{"line":27,"column":25},"end":{"line":27,"column":26}},"loc":{"start":{"line":27,"column":35},"end":{"line":27,"column":62}},"line":27}},"branchMap":{"0":{"loc":{"start":{"line":1,"column":18},"end":{"line":1,"column":27}},"type":"default-arg","locations":[{"start":{"line":1,"column":26},"end":{"line":1,"column":27}}],"line":1},"1":{"loc":{"start":{"line":4,"column":2},"end":{"line":7,"column":3}},"type":"if","locations":[{"start":{"line":4,"column":2},"end":{"line":7,"column":3}},{"start":{"line":4,"column":2},"end":{"line":7,"column":3}}],"line":4},"2":{"loc":{"start":{"line":13,"column":18},"end":{"line":15,"column":38}},"type":"cond-expr","locations":[{"start":{"line":14,"column":8},"end":{"line":14,"column":66}},{"start":{"line":15,"column":8},"end":{"line":15,"column":38}}],"line":13},"3":{"loc":{"start":{"line":23,"column":26},"end":{"line":23,"column":35}},"type":"default-arg","locations":[{"start":{"line":23,"column":34},"end":{"line":23,"column":35}}],"line":23}},"s":{"0":1,"1":96,"2":1,"3":48,"4":15,"5":15,"6":33,"7":1,"8":18,"9":18,"10":15,"11":6,"12":9,"13":1,"14":12,"15":48,"16":1,"17":3},"f":{"0":96,"1":48,"2":15,"3":18,"4":15,"5":6,"6":9,"7":12,"8":48,"9":3},"b":{"0":[0],"1":[15,33],"2":[9,9],"3":[3]},"_coverageSchema":"43e27e138ebf9cfc5966b082cf9a028302ed4184","hash":"75877c53a76f7187b701efe87fa59b7bf09fc6e2"}
,"/home/driver/Desktop/Hexlet/frontend-project-lvl2/src/utils/parsers.js": {"path":"/home/driver/Desktop/Hexlet/frontend-project-lvl2/src/utils/parsers.js","statementMap":{"0":{"start":{"line":7,"column":23},"end":{"line":7,"column":101}},"1":{"start":{"line":8,"column":21},"end":{"line":8,"column":59}},"2":{"start":{"line":9,"column":21},"end":{"line":9,"column":67}},"3":{"start":{"line":11,"column":18},"end":{"line":16,"column":3}},"4":{"start":{"line":12,"column":23},"end":{"line":12,"column":39}},"5":{"start":{"line":13,"column":23},"end":{"line":13,"column":42}},"6":{"start":{"line":14,"column":22},"end":{"line":14,"column":41}},"7":{"start":{"line":15,"column":22},"end":{"line":15,"column":37}},"8":{"start":{"line":18,"column":2},"end":{"line":18,"column":41}}},"fnMap":{"0":{"name":"(anonymous_0)","decl":{"start":{"line":6,"column":15},"end":{"line":6,"column":16}},"loc":{"start":{"line":6,"column":33},"end":{"line":19,"column":1}},"line":6},"1":{"name":"(anonymous_1)","decl":{"start":{"line":12,"column":13},"end":{"line":12,"column":14}},"loc":{"start":{"line":12,"column":23},"end":{"line":12,"column":39}},"line":12},"2":{"name":"(anonymous_2)","decl":{"start":{"line":13,"column":13},"end":{"line":13,"column":14}},"loc":{"start":{"line":13,"column":23},"end":{"line":13,"column":42}},"line":13},"3":{"name":"(anonymous_3)","decl":{"start":{"line":14,"column":12},"end":{"line":14,"column":13}},"loc":{"start":{"line":14,"column":22},"end":{"line":14,"column":41}},"line":14},"4":{"name":"(anonymous_4)","decl":{"start":{"line":15,"column":12},"end":{"line":15,"column":13}},"loc":{"start":{"line":15,"column":22},"end":{"line":15,"column":37}},"line":15}},"branchMap":{"0":{"loc":{"start":{"line":7,"column":23},"end":{"line":7,"column":101}},"type":"cond-expr","locations":[{"start":{"line":7,"column":55},"end":{"line":7,"column":67}},{"start":{"line":7,"column":70},"end":{"line":7,"column":101}}],"line":7}},"s":{"0":6,"1":6,"2":6,"3":6,"4":2,"5":2,"6":0,"7":2,"8":6},"f":{"0":6,"1":2,"2":2,"3":0,"4":2},"b":{"0":[6,0]},"_coverageSchema":"43e27e138ebf9cfc5966b082cf9a028302ed4184","hash":"2187520f4f8f41404959a7351be98dfe29c00e81"}
}
