TN:
SF:/home/driver/Desktop/Hexlet/frontend-project-lvl2/src/index.js
FN:4,(anonymous_0)
FN:8,(anonymous_1)
FN:53,(anonymous_2)
FNF:3
FNH:3
FNDA:36,(anonymous_0)
FNDA:144,(anonymous_1)
FNDA:9,(anonymous_2)
DA:4,1
DA:5,36
DA:6,36
DA:8,36
DA:9,144
DA:17,144
DA:18,27
DA:24,117
DA:25,18
DA:32,99
DA:33,45
DA:40,54
DA:41,27
DA:49,27
DA:54,9
DA:55,9
LF:16
LH:16
BRDA:17,0,0,27
BRDA:17,0,1,117
BRDA:17,1,0,144
BRDA:17,1,1,45
BRDA:24,2,0,18
BRDA:24,2,1,99
BRDA:24,3,0,117
BRDA:24,3,1,72
BRDA:32,4,0,45
BRDA:32,4,1,54
BRDA:32,5,0,99
BRDA:32,5,1,45
BRDA:40,6,0,27
BRDA:40,6,1,27
BRDA:40,7,0,54
BRDA:40,7,1,54
BRDA:40,7,2,54
BRF:17
BRH:17
end_of_record
TN:
SF:/home/driver/Desktop/Hexlet/frontend-project-lvl2/src/formatters/index.js
FN:6,(anonymous_0)
FN:7,(anonymous_1)
FN:8,(anonymous_2)
FN:11,(anonymous_3)
FNF:4
FNH:4
FNDA:3,(anonymous_0)
FNDA:3,(anonymous_1)
FNDA:3,(anonymous_2)
FNDA:9,(anonymous_3)
DA:5,1
DA:6,3
DA:7,3
DA:8,3
DA:11,9
LF:5
LH:5
BRF:0
BRH:0
end_of_record
TN:
SF:/home/driver/Desktop/Hexlet/frontend-project-lvl2/src/formatters/json.js
FN:1,(anonymous_0)
FNF:1
FNH:1
FNDA:3,(anonymous_0)
DA:1,3
LF:1
LH:1
BRF:0
BRH:0
end_of_record
TN:
SF:/home/driver/Desktop/Hexlet/frontend-project-lvl2/src/formatters/plain.js
FN:1,(anonymous_0)
FN:3,(anonymous_1)
FN:6,(anonymous_2)
FN:7,(anonymous_3)
FN:8,(anonymous_4)
FN:9,(anonymous_5)
FN:14,(anonymous_6)
FN:15,(anonymous_7)
FN:16,(anonymous_8)
FNF:9
FNH:9
FNDA:33,(anonymous_0)
FNDA:30,(anonymous_1)
FNDA:18,(anonymous_2)
FNDA:15,(anonymous_3)
FNDA:6,(anonymous_4)
FNDA:9,(anonymous_5)
FNDA:12,(anonymous_6)
FNDA:48,(anonymous_7)
FNDA:48,(anonymous_8)
DA:1,33
DA:3,30
DA:5,1
DA:6,18
DA:7,15
DA:8,6
DA:10,9
DA:14,12
DA:15,48
DA:16,48
LF:10
LH:10
BRDA:1,0,0,12
BRDA:1,0,1,21
BRDA:6,1,0,9
BRDA:6,1,1,9
BRDA:14,2,0,3
BRF:5
BRH:5
end_of_record
TN:
SF:/home/driver/Desktop/Hexlet/frontend-project-lvl2/src/formatters/tree.js
FN:1,(anonymous_0)
FN:3,(anonymous_1)
FN:6,(anonymous_2)
FN:12,(anonymous_3)
FN:18,(anonymous_4)
FN:19,(anonymous_5)
FN:20,(anonymous_6)
FN:23,(anonymous_7)
FN:24,(anonymous_8)
FN:27,(anonymous_9)
FNF:10
FNH:10
FNDA:96,(anonymous_0)
FNDA:48,(anonymous_1)
FNDA:15,(anonymous_2)
FNDA:18,(anonymous_3)
FNDA:15,(anonymous_4)
FNDA:6,(anonymous_5)
FNDA:9,(anonymous_6)
FNDA:12,(anonymous_7)
FNDA:48,(anonymous_8)
FNDA:3,(anonymous_9)
DA:1,96
DA:3,1
DA:4,48
DA:5,15
DA:6,15
DA:8,33
DA:11,1
DA:13,18
DA:16,18
DA:18,15
DA:19,6
DA:20,9
DA:23,12
DA:24,48
DA:27,3
LF:15
LH:15
BRDA:1,0,0,0
BRDA:4,1,0,15
BRDA:4,1,1,33
BRDA:13,2,0,9
BRDA:13,2,1,9
BRDA:23,3,0,3
BRF:6
BRH:5
end_of_record
TN:
SF:/home/driver/Desktop/Hexlet/frontend-project-lvl2/src/utils/parsers.js
FN:6,(anonymous_0)
FN:12,(anonymous_1)
FN:13,(anonymous_2)
FN:14,(anonymous_3)
FN:15,(anonymous_4)
FNF:5
FNH:4
FNDA:6,(anonymous_0)
FNDA:2,(anonymous_1)
FNDA:2,(anonymous_2)
FNDA:0,(anonymous_3)
FNDA:2,(anonymous_4)
DA:7,6
DA:8,6
DA:9,6
DA:11,6
DA:12,2
DA:13,2
DA:14,0
DA:15,2
DA:18,6
LF:9
LH:8
BRDA:7,0,0,6
BRDA:7,0,1,0
BRF:2
BRH:1
end_of_record
